<?xml version="1.0" encoding="UTF-8"?>
<!-- Generated by org.testng.reporters.JUnitReportReporter -->
<testsuite hostname="DESKTOP-HLEIJRK" failures="0" tests="1" name="tests.JSONSchemaValidator" time="3.786" errors="0" timestamp="2024-06-18T11:25:37 IST" skipped="0">
  <testcase classname="tests.JSONSchemaValidator" name="testGet" time="3.786"/>
</testsuite> <!-- tests.JSONSchemaValidator -->
