<?xml version="1.0" encoding="UTF-8"?>
<!-- Generated by org.testng.reporters.JUnitReportReporter -->
<testsuite hostname="DESKTOP-HLEIJRK" failures="0" tests="3" name="tests.TestsOnLocalAPI" time="2.667" errors="0" timestamp="2024-06-17T17:43:24 IST" skipped="0">
  <testcase classname="tests.TestsOnLocalAPI" name="get" time="2.458"/>
  <testcase classname="tests.TestsOnLocalAPI" name="post" time="0.161"/>
  <testcase classname="tests.TestsOnLocalAPI" name="put" time="0.048"/>
</testsuite> <!-- tests.TestsOnLocalAPI -->
