<?xml version="1.0" encoding="UTF-8"?>
<!-- Generated by org.testng.reporters.JUnitReportReporter -->
<testsuite hostname="DESKTOP-HLEIJRK" failures="0" tests="1" name="tests.SoapXMLRequest" time="3.821" errors="0" timestamp="2024-06-18T14:19:52 IST" skipped="0">
  <testcase classname="tests.SoapXMLRequest" name="validatesoapxml" time="3.821"/>
</testsuite> <!-- tests.SoapXMLRequest -->
