<?xml version="1.0" encoding="UTF-8"?>
<!-- Generated by org.testng.reporters.JUnitReportReporter -->
<testsuite hostname="DESKTOP-HLEIJRK" failures="0" tests="1" name="tests.PostNegative" time="3.681" errors="0" timestamp="2024-06-19T12:03:23 IST" skipped="0">
  <testcase classname="tests.PostNegative" name="postNeg" time="3.681"/>
</testsuite> <!-- tests.PostNegative -->
