<?xml version="1.0" encoding="UTF-8"?>
<!-- Generated by org.testng.reporters.JUnitReportReporter -->
<testsuite hostname="DESKTOP-HLEIJRK" failures="0" tests="2" name="tests.GetAndPostExamples" time="10.203" errors="0" timestamp="2024-10-29T15:10:41 IST" skipped="0">
  <testcase classname="tests.GetAndPostExamples" name="testPost" time="0.613"/>
  <testcase classname="tests.GetAndPostExamples" name="testGet" time="9.590"/>
</testsuite> <!-- tests.GetAndPostExamples -->
