<?xml version="1.0" encoding="UTF-8"?>
<!-- Generated by org.testng.reporters.JUnitReportReporter -->
<testsuite hostname="DESKTOP-HLEIJRK" failures="0" tests="2" name="tests.PatchAndDelete" time="2.706" errors="0" timestamp="2024-06-17T17:32:33 IST" skipped="0">
  <testcase classname="tests.PatchAndDelete" name="delete" time="2.409"/>
  <testcase classname="tests.PatchAndDelete" name="patch" time="0.297"/>
</testsuite> <!-- tests.PatchAndDelete -->
