<?xml version="1.0" encoding="UTF-8"?>
<!-- Generated by org.testng.reporters.JUnitReportReporter -->
<testsuite hostname="DESKTOP-HLEIJRK" failures="0" tests="2" name="tests.Test1" time="4.025" errors="0" timestamp="2024-06-17T11:11:16 IST" skipped="0">
  <testcase classname="tests.Test1" name="tes_1" time="2.939"/>
  <testcase classname="tests.Test1" name="test_2" time="1.086"/>
</testsuite> <!-- tests.Test1 -->
